Configuring hs-bibutils-5.5...
Building hs-bibutils-5.5...
Preprocessing library hs-bibutils-5.5...
[1 of 1] Compiling Text.Bibutils    ( .stack-work/dist/x86_64-osx/Cabal-1.22.4.0/build/Text/Bibutils.hs, .stack-work/dist/x86_64-osx/Cabal-1.22.4.0/build/Text/Bibutils.o )

In file included from bibutils/bibcore.c:11:0: 

In file included from bibutils/bibutils.h:17:0: 

In file included from bibutils/bibl.h:14:0: 

bibutils/fields.h:48:19:
     warning: inline function 'fields_num' is not defined [-Wundefined-inline]
extern inline int fields_num( fields *f );
                  ^

bibutils/bibcore.c:300:6:
     note: used here
            n = fields_num( f );
                ^
1 warning generated.

In file included from bibutils/bibcore.c:11:0: 

In file included from bibutils/bibutils.h:17:0: 

In file included from bibutils/bibl.h:14:0: 

bibutils/fields.h:48:19:
     warning: inline function 'fields_num' is not defined [-Wundefined-inline]
extern inline int fields_num( fields *f );
                  ^

bibutils/bibcore.c:300:6:
     note: used here
            n = fields_num( f );
                ^
1 warning generated.

In file included from bibutils/bibl.c:11:0: 

In file included from bibutils/bibl.h:14:0: 

bibutils/fields.h:48:19:
     warning: inline function 'fields_num' is not defined [-Wundefined-inline]
extern inline int fields_num( fields *f );
                  ^

bibutils/bibl.c:89:7:
     note: used here
                    n = fields_num( refin );
                        ^
1 warning generated.

In file included from bibutils/bibl.c:11:0: 

In file included from bibutils/bibl.h:14:0: 

bibutils/fields.h:48:19:
     warning: inline function 'fields_num' is not defined [-Wundefined-inline]
extern inline int fields_num( fields *f );
                  ^

bibutils/bibl.c:89:7:
     note: used here
                    n = fields_num( refin );
                        ^
1 warning generated.

In file included from bibutils/biblatexin.c:18:0: 

bibutils/fields.h:48:19:
     warning: inline function 'fields_num' is not defined [-Wundefined-inline]
extern inline int fields_num( fields *f );
                  ^

bibutils/biblatexin.c:752:6:
     note: used here
            n = fields_num( bibin );
                ^

In file included from bibutils/biblatexin.c:18:0: 

bibutils/fields.h:49:19:
     warning: inline function 'fields_used' is not defined [-Wundefined-inline]
extern inline int fields_used( fields *f, int n );
                  ^

bibutils/biblatexin.c:1061:8:
     note: used here
                    if ( fields_used( bibin, i ) ) continue;
                         ^
2 warnings generated.

In file included from bibutils/biblatexin.c:18:0: 

bibutils/fields.h:48:19:
     warning: inline function 'fields_num' is not defined [-Wundefined-inline]
extern inline int fields_num( fields *f );
                  ^

bibutils/biblatexin.c:752:6:
     note: used here
            n = fields_num( bibin );
                ^

In file included from bibutils/biblatexin.c:18:0: 

bibutils/fields.h:49:19:
     warning: inline function 'fields_used' is not defined [-Wundefined-inline]
extern inline int fields_used( fields *f, int n );
                  ^

bibutils/biblatexin.c:1061:8:
     note: used here
                    if ( fields_used( bibin, i ) ) continue;
                         ^
2 warnings generated.

In file included from bibutils/bibtexin.c:17:0: 

bibutils/fields.h:48:19:
     warning: inline function 'fields_num' is not defined [-Wundefined-inline]
extern inline int fields_num( fields *f );
                  ^

bibutils/bibtexin.c:703:6:
     note: used here
            n = fields_num( bibin );
                ^

In file included from bibutils/bibtexin.c:17:0: 

bibutils/fields.h:49:19:
     warning: inline function 'fields_used' is not defined [-Wundefined-inline]
extern inline int fields_used( fields *f, int n );
                  ^

bibutils/bibtexin.c:1303:8:
     note: used here
                    if ( fields_used( bibin, i ) ) continue; /* e.g. successful crossref */
                         ^

In file included from bibutils/bibtexin.c:17:0: 

bibutils/fields.h:50:19:
     warning: inline function 'fields_nodata' is not defined [-Wundefined-inline]
extern inline int fields_nodata( fields *f, int n );
                  ^

bibutils/bibtexin.c:1304:8:
     note: used here
                    if ( fields_nodata( bibin, i ) ) continue;
                         ^
3 warnings generated.

In file included from bibutils/bibtexin.c:17:0: 

bibutils/fields.h:48:19:
     warning: inline function 'fields_num' is not defined [-Wundefined-inline]
extern inline int fields_num( fields *f );
                  ^

bibutils/bibtexin.c:703:6:
     note: used here
            n = fields_num( bibin );
                ^

In file included from bibutils/bibtexin.c:17:0: 

bibutils/fields.h:49:19:
     warning: inline function 'fields_used' is not defined [-Wundefined-inline]
extern inline int fields_used( fields *f, int n );
                  ^

bibutils/bibtexin.c:1303:8:
     note: used here
                    if ( fields_used( bibin, i ) ) continue; /* e.g. successful crossref */
                         ^

In file included from bibutils/bibtexin.c:17:0: 

bibutils/fields.h:50:19:
     warning: inline function 'fields_nodata' is not defined [-Wundefined-inline]
extern inline int fields_nodata( fields *f, int n );
                  ^

bibutils/bibtexin.c:1304:8:
     note: used here
                    if ( fields_nodata( bibin, i ) ) continue;
                         ^
3 warnings generated.

In file included from bibutils/bibtexout.c:17:0: 

bibutils/fields.h:53:19:
     warning: inline function 'fields_match_tag' is not defined [-Wundefined-inline]
extern inline int fields_match_tag( fields *f, int n, char *tag );
                  ^

bibutils/bibtexout.c:263:8:
     note: used here
                    if ( fields_match_tag( info, i, intag ) )
                         ^
1 warning generated.

In file included from bibutils/bibtexout.c:17:0: 

bibutils/fields.h:53:19:
     warning: inline function 'fields_match_tag' is not defined [-Wundefined-inline]
extern inline int fields_match_tag( fields *f, int n, char *tag );
                  ^

bibutils/bibtexout.c:263:8:
     note: used here
                    if ( fields_match_tag( info, i, intag ) )
                         ^
1 warning generated.

In file included from bibutils/copacin.c:16:0: 

In file included from bibutils/name.h:16:0: 

bibutils/fields.h:48:19:
     warning: inline function 'fields_num' is not defined [-Wundefined-inline]
extern inline int fields_num( fields *f );
                  ^

bibutils/copacin.c:261:12:
     note: used here
            nfields = fields_num( copacin );
                      ^
1 warning generated.

In file included from bibutils/copacin.c:16:0: 

In file included from bibutils/name.h:16:0: 

bibutils/fields.h:48:19:
     warning: inline function 'fields_num' is not defined [-Wundefined-inline]
extern inline int fields_num( fields *f );
                  ^

bibutils/copacin.c:261:12:
     note: used here
            nfields = fields_num( copacin );
                      ^
1 warning generated.

In file included from bibutils/doi.c:22:0: 

bibutils/fields.h:48:19:
     warning: inline function 'fields_num' is not defined [-Wundefined-inline]
extern inline int fields_num( fields *f );
                  ^

bibutils/doi.c:41:7:
     note: used here
                    n = fields_num( f );
                        ^
1 warning generated.

In file included from bibutils/doi.c:22:0: 

bibutils/fields.h:48:19:
     warning: inline function 'fields_num' is not defined [-Wundefined-inline]
extern inline int fields_num( fields *f );
                  ^

bibutils/doi.c:41:7:
     note: used here
                    n = fields_num( f );
                        ^
1 warning generated.

In file included from bibutils/endin.c:14:0: 

In file included from bibutils/doi.h:13:0: 

bibutils/fields.h:48:19:
     warning: inline function 'fields_num' is not defined [-Wundefined-inline]
extern inline int fields_num( fields *f );
                  ^

bibutils/endin.c:175:8:
     note: used here
                            n = fields_num( endin );
                                ^
1 warning generated.

In file included from bibutils/endin.c:14:0: 

In file included from bibutils/doi.h:13:0: 

bibutils/fields.h:48:19:
     warning: inline function 'fields_num' is not defined [-Wundefined-inline]
extern inline int fields_num( fields *f );
                  ^

bibutils/endin.c:175:8:
     note: used here
                            n = fields_num( endin );
                                ^
1 warning generated.

In file included from bibutils/endout.c:16:0: 

bibutils/fields.h:48:19:
     warning: inline function 'fields_num' is not defined [-Wundefined-inline]
extern inline int fields_num( fields *f );
                  ^

bibutils/endout.c:455:6:
     note: used here
            n = fields_num( info );
                ^

In file included from bibutils/endout.c:16:0: 

bibutils/fields.h:53:19:
     warning: inline function 'fields_match_tag' is not defined [-Wundefined-inline]
extern inline int fields_match_tag( fields *f, int n, char *tag );
                  ^

bibutils/endout.c:496:9:
     note: used here
                    if ( !fields_match_tag( f, i, "DOI" ) ) continue;
                          ^
2 warnings generated.

In file included from bibutils/endout.c:16:0: 

bibutils/fields.h:48:19:
     warning: inline function 'fields_num' is not defined [-Wundefined-inline]
extern inline int fields_num( fields *f );
                  ^

bibutils/endout.c:455:6:
     note: used here
            n = fields_num( info );
                ^

In file included from bibutils/endout.c:16:0: 

bibutils/fields.h:53:19:
     warning: inline function 'fields_match_tag' is not defined [-Wundefined-inline]
extern inline int fields_match_tag( fields *f, int n, char *tag );
                  ^

bibutils/endout.c:496:9:
     note: used here
                    if ( !fields_match_tag( f, i, "DOI" ) ) continue;
                          ^
2 warnings generated.

bibutils/endxmlin.c:395:27:
     warning: if statement has empty body [-Wempty-body]
                                    if ( status!=BIBL_OK );
                                                          ^

bibutils/endxmlin.c:395:27:
     note: put the semicolon on a separate line to silence this warning
1 warning generated.

bibutils/endxmlin.c:395:27:
     warning: if statement has empty body [-Wempty-body]
                                    if ( status!=BIBL_OK );
                                                          ^

bibutils/endxmlin.c:395:27:
     note: put the semicolon on a separate line to silence this warning
1 warning generated.

In file included from bibutils/isiin.c:15:0: 

bibutils/fields.h:48:19:
     warning: inline function 'fields_num' is not defined [-Wundefined-inline]
extern inline int fields_num( fields *f );
                  ^

bibutils/isiin.c:166:8:
     note: used here
                            n = fields_num( isiin );
                                ^
1 warning generated.

In file included from bibutils/isiin.c:15:0: 

bibutils/fields.h:48:19:
     warning: inline function 'fields_num' is not defined [-Wundefined-inline]
extern inline int fields_num( fields *f );
                  ^

bibutils/isiin.c:166:8:
     note: used here
                            n = fields_num( isiin );
                                ^
1 warning generated.

In file included from bibutils/isiout.c:16:0: 

bibutils/fields.h:48:19:
     warning: inline function 'fields_num' is not defined [-Wundefined-inline]
extern inline int fields_num( fields *f );
                  ^

bibutils/isiout.c:68:6:
     note: used here
            n = fields_num( f );
                ^
1 warning generated.

In file included from bibutils/isiout.c:16:0: 

bibutils/fields.h:48:19:
     warning: inline function 'fields_num' is not defined [-Wundefined-inline]
extern inline int fields_num( fields *f );
                  ^

bibutils/isiout.c:68:6:
     note: used here
            n = fields_num( f );
                ^
1 warning generated.

In file included from bibutils/iso639_1.c:5:0: 

bibutils/iso639_1.h:4:9:
     warning: 'ISO639_1_H' is used as a header guard here, followed by #define of a different macro [-Wheader-guard]
#ifndef ISO639_1_H
        ^~~~~~~~~~

bibutils/iso639_1.h:5:9:
     note: 'iSO639_1_H' is defined here; did you mean 'ISO639_1_H'?
#define iSO639_1_H
        ^~~~~~~~~~
        ISO639_1_H
1 warning generated.

In file included from bibutils/iso639_1.c:5:0: 

bibutils/iso639_1.h:4:9:
     warning: 'ISO639_1_H' is used as a header guard here, followed by #define of a different macro [-Wheader-guard]
#ifndef ISO639_1_H
        ^~~~~~~~~~

bibutils/iso639_1.h:5:9:
     note: 'iSO639_1_H' is defined here; did you mean 'ISO639_1_H'?
#define iSO639_1_H
        ^~~~~~~~~~
        ISO639_1_H
1 warning generated.

In file included from bibutils/iso639_3.c:5:0: 

bibutils/iso639_3.h:4:9:
     warning: 'ISO639_3_H' is used as a header guard here, followed by #define of a different macro [-Wheader-guard]
#ifndef ISO639_3_H
        ^~~~~~~~~~

bibutils/iso639_3.h:5:9:
     note: 'iSO639_3_H' is defined here; did you mean 'ISO639_3_H'?
#define iSO639_3_H
        ^~~~~~~~~~
        ISO639_3_H
1 warning generated.

In file included from bibutils/iso639_3.c:5:0: 

bibutils/iso639_3.h:4:9:
     warning: 'ISO639_3_H' is used as a header guard here, followed by #define of a different macro [-Wheader-guard]
#ifndef ISO639_3_H
        ^~~~~~~~~~

bibutils/iso639_3.h:5:9:
     note: 'iSO639_3_H' is defined here; did you mean 'ISO639_3_H'?
#define iSO639_3_H
        ^~~~~~~~~~
        ISO639_3_H
1 warning generated.

In file included from bibutils/medin.c:14:0: 

bibutils/fields.h:48:19:
     warning: inline function 'fields_num' is not defined [-Wundefined-inline]
extern inline int fields_num( fields *f );
                  ^

bibutils/medin.c:604:7:
     note: used here
            if ( fields_num( info ) ) {
                 ^
1 warning generated.

In file included from bibutils/medin.c:14:0: 

bibutils/fields.h:48:19:
     warning: inline function 'fields_num' is not defined [-Wundefined-inline]
extern inline int fields_num( fields *f );
                  ^

bibutils/medin.c:604:7:
     note: used here
            if ( fields_num( info ) ) {
                 ^
1 warning generated.

In file included from bibutils/modsin.c:23:0: 

bibutils/iso639_1.h:4:9:
     warning: 'ISO639_1_H' is used as a header guard here, followed by #define of a different macro [-Wheader-guard]
#ifndef ISO639_1_H
        ^~~~~~~~~~

bibutils/iso639_1.h:5:9:
     note: 'iSO639_1_H' is defined here; did you mean 'ISO639_1_H'?
#define iSO639_1_H
        ^~~~~~~~~~
        ISO639_1_H

In file included from bibutils/modsin.c:25:0: 

bibutils/iso639_3.h:4:9:
     warning: 'ISO639_3_H' is used as a header guard here, followed by #define of a different macro [-Wheader-guard]
#ifndef ISO639_3_H
        ^~~~~~~~~~

bibutils/iso639_3.h:5:9:
     note: 'iSO639_3_H' is defined here; did you mean 'ISO639_3_H'?
#define iSO639_3_H
        ^~~~~~~~~~
        ISO639_3_H
2 warnings generated.

In file included from bibutils/modsin.c:23:0: 

bibutils/iso639_1.h:4:9:
     warning: 'ISO639_1_H' is used as a header guard here, followed by #define of a different macro [-Wheader-guard]
#ifndef ISO639_1_H
        ^~~~~~~~~~

bibutils/iso639_1.h:5:9:
     note: 'iSO639_1_H' is defined here; did you mean 'ISO639_1_H'?
#define iSO639_1_H
        ^~~~~~~~~~
        ISO639_1_H

In file included from bibutils/modsin.c:25:0: 

bibutils/iso639_3.h:4:9:
     warning: 'ISO639_3_H' is used as a header guard here, followed by #define of a different macro [-Wheader-guard]
#ifndef ISO639_3_H
        ^~~~~~~~~~

bibutils/iso639_3.h:5:9:
     note: 'iSO639_3_H' is defined here; did you mean 'ISO639_3_H'?
#define iSO639_3_H
        ^~~~~~~~~~
        ISO639_3_H
2 warnings generated.

In file included from bibutils/modsout.c:16:0: 

bibutils/fields.h:48:19:
     warning: inline function 'fields_num' is not defined [-Wundefined-inline]
extern inline int fields_num( fields *f );
                  ^

bibutils/modsout.c:280:12:
     note: used here
            nfields = fields_num( f );
                      ^

In file included from bibutils/modsout.c:16:0: 

bibutils/fields.h:53:19:
     warning: inline function 'fields_match_tag' is not defined [-Wundefined-inline]
extern inline int fields_match_tag( fields *f, int n, char *tag );
                  ^

bibutils/modsout.c:677:9:
     note: used here
                    if ( !fields_match_tag( f, i, "GENRE" ) &&
                          ^

In file included from bibutils/modsout.c:16:0: 

bibutils/fields.h:49:19:
     warning: inline function 'fields_used' is not defined [-Wundefined-inline]
extern inline int fields_used( fields *f, int n );
                  ^

bibutils/modsout.c:949:8:
     note: used here
                    if ( fields_used( f, i ) ) continue;
                         ^
3 warnings generated.

In file included from bibutils/modsout.c:16:0: 

bibutils/fields.h:48:19:
     warning: inline function 'fields_num' is not defined [-Wundefined-inline]
extern inline int fields_num( fields *f );
                  ^

bibutils/modsout.c:280:12:
     note: used here
            nfields = fields_num( f );
                      ^

In file included from bibutils/modsout.c:16:0: 

bibutils/fields.h:53:19:
     warning: inline function 'fields_match_tag' is not defined [-Wundefined-inline]
extern inline int fields_match_tag( fields *f, int n, char *tag );
                  ^

bibutils/modsout.c:677:9:
     note: used here
                    if ( !fields_match_tag( f, i, "GENRE" ) &&
                          ^

In file included from bibutils/modsout.c:16:0: 

bibutils/fields.h:49:19:
     warning: inline function 'fields_used' is not defined [-Wundefined-inline]
extern inline int fields_used( fields *f, int n );
                  ^

bibutils/modsout.c:949:8:
     note: used here
                    if ( fields_used( f, i ) ) continue;
                         ^
3 warnings generated.

In file included from bibutils/risin.c:15:0: 

bibutils/fields.h:48:19:
     warning: inline function 'fields_num' is not defined [-Wundefined-inline]
extern inline int fields_num( fields *f );
                  ^

bibutils/risin.c:188:8:
     note: used here
                            n = fields_num( risin );
                                ^
1 warning generated.

In file included from bibutils/risin.c:15:0: 

bibutils/fields.h:48:19:
     warning: inline function 'fields_num' is not defined [-Wundefined-inline]
extern inline int fields_num( fields *f );
                  ^

bibutils/risin.c:188:8:
     note: used here
                            n = fields_num( risin );
                                ^
1 warning generated.

In file included from bibutils/risout.c:16:0: 

bibutils/fields.h:48:19:
     warning: inline function 'fields_num' is not defined [-Wundefined-inline]
extern inline int fields_num( fields *f );
                  ^

bibutils/risout.c:152:15:
     note: used here
            for ( i=0; i<fields_num( f ); ++i ) {
                         ^

In file included from bibutils/risout.c:16:0: 

bibutils/fields.h:53:19:
     warning: inline function 'fields_match_tag' is not defined [-Wundefined-inline]
extern inline int fields_match_tag( fields *f, int n, char *tag );
                  ^

bibutils/risout.c:153:9:
     note: used here
                    if ( !fields_match_tag( f, i, "GENRE" ) &&
                          ^
2 warnings generated.

In file included from bibutils/risout.c:16:0: 

bibutils/fields.h:48:19:
     warning: inline function 'fields_num' is not defined [-Wundefined-inline]
extern inline int fields_num( fields *f );
                  ^

bibutils/risout.c:152:15:
     note: used here
            for ( i=0; i<fields_num( f ); ++i ) {
                         ^

In file included from bibutils/risout.c:16:0: 

bibutils/fields.h:53:19:
     warning: inline function 'fields_match_tag' is not defined [-Wundefined-inline]
extern inline int fields_match_tag( fields *f, int n, char *tag );
                  ^

bibutils/risout.c:153:9:
     note: used here
                    if ( !fields_match_tag( f, i, "GENRE" ) &&
                          ^
2 warnings generated.

In file included from bibutils/wordout.c:15:0: 

bibutils/fields.h:48:19:
     warning: inline function 'fields_num' is not defined [-Wundefined-inline]
extern inline int fields_num( fields *f );
                  ^

bibutils/wordout.c:373:12:
     note: used here
            nfields = fields_num( info );
                      ^
1 warning generated.

In file included from bibutils/wordout.c:15:0: 

bibutils/fields.h:48:19:
     warning: inline function 'fields_num' is not defined [-Wundefined-inline]
extern inline int fields_num( fields *f );
                  ^

bibutils/wordout.c:373:12:
     note: used here
            nfields = fields_num( info );
                      ^
1 warning generated.
/Applications/Xcode.app/Contents/Developer/Toolchains/XcodeDefault.xctoolchain/usr/bin/ranlib: file: .stack-work/dist/x86_64-osx/Cabal-1.22.4.0/build/objs-11214/libHShs-bibutils-5.5-DMwQZ33jhLrB1xEH51Nal4.a(adsout_journals.o) has no symbols
In-place registering hs-bibutils-5.5...
Installing library in
/Users/davidrusu/.stack/snapshots/x86_64-osx/lts-3.6/7.10.2/lib/x86_64-osx-ghc-7.10.2/hs-bibutils-5.5-DMwQZ33jhLrB1xEH51Nal4
Registering hs-bibutils-5.5...
